# JRE version: Java(TM) SE Runtime Environment (8.0_111-b14) (build 1.8.0_111-b14)
# Java VM: Java HotSpot(TM) 64-Bit Server VM (25.111-b14 mixed mode windows-amd64 compressed oops)
Heap:
 PSYoungGen      total 167936K, used 147371K [0x00000000d5c00000, 0x00000000e0d80000, 0x0000000100000000)
  eden space 159232K, 89% used [0x00000000d5c00000,0x00000000de66c950,0x00000000df780000)
  from space 8704K, 64% used [0x00000000e0500000,0x00000000e0a7e568,0x00000000e0d80000)
  to   space 11264K, 0% used [0x00000000df780000,0x00000000df780000,0x00000000e0280000)
 ParOldGen       total 74752K, used 12912K [0x0000000081400000, 0x0000000085d00000, 0x00000000d5c00000)
  object space 74752K, 17% used [0x0000000081400000,0x000000008209c280,0x0000000085d00000)
 Metaspace       used 27270K, capacity 28802K, committed 28928K, reserved 1075200K
  class space    used 3732K, capacity 4056K, committed 4096K, reserved 1048576K
GC Heap History (10 events):
Event: 3.683 GC heap before
{Heap before GC invocations=5 (full 1):
 PSYoungGen      total 38400K, used 37563K [0x00000000d5c00000, 0x00000000d9180000, 0x0000000100000000)
  eden space 33280K, 99% used [0x00000000d5c00000,0x00000000d7c6f610,0x00000000d7c80000)
  from space 5120K, 84% used [0x00000000d7c80000,0x00000000d80bf928,0x00000000d8180000)
  to   space 5120K, 0% used [0x00000000d8c80000,0x00000000d8c80000,0x00000000d9180000)
 ParOldGen       total 74752K, used 10121K [0x0000000081400000, 0x0000000085d00000, 0x00000000d5c00000)
  object space 74752K, 13% used [0x0000000081400000,0x0000000081de2470,0x0000000085d00000)
 Metaspace       used 24575K, capacity 25988K, committed 26112K, reserved 1071104K
  class space    used 3534K, capacity 3821K, committed 3840K, reserved 1048576K
Event: 3.686 GC heap after
Heap after GC invocations=5 (full 1):
 PSYoungGen      total 49664K, used 3109K [0x00000000d5c00000, 0x00000000da180000, 0x0000000100000000)
  eden space 44544K, 0% used [0x00000000d5c00000,0x00000000d5c00000,0x00000000d8780000)
  from space 5120K, 60% used [0x00000000d8c80000,0x00000000d8f89668,0x00000000d9180000)
  to   space 5120K, 0% used [0x00000000d8780000,0x00000000d8780000,0x00000000d8c80000)
 ParOldGen       total 74752K, used 10129K [0x0000000081400000, 0x0000000085d00000, 0x00000000d5c00000)
  object space 74752K, 13% used [0x0000000081400000,0x0000000081de4470,0x0000000085d00000)
 Metaspace       used 24575K, capacity 25988K, committed 26112K, reserved 1071104K
  class space    used 3534K, capacity 3821K, committed 3840K, reserved 1048576K
}
Event: 3.698 GC heap before
{Heap before GC invocations=6 (full 1):
 PSYoungGen      total 49664K, used 47549K [0x00000000d5c00000, 0x00000000da180000, 0x0000000100000000)
  eden space 44544K, 99% used [0x00000000d5c00000,0x00000000d8766010,0x00000000d8780000)
  from space 5120K, 60% used [0x00000000d8c80000,0x00000000d8f89668,0x00000000d9180000)
  to   space 5120K, 0% used [0x00000000d8780000,0x00000000d8780000,0x00000000d8c80000)
 ParOldGen       total 74752K, used 10129K [0x0000000081400000, 0x0000000085d00000, 0x00000000d5c00000)
  object space 74752K, 13% used [0x0000000081400000,0x0000000081de4470,0x0000000085d00000)
 Metaspace       used 24579K, capacity 25988K, committed 26112K, reserved 1071104K
  class space    used 3534K, capacity 3821K, committed 3840K, reserved 1048576K
Event: 3.701 GC heap after
Heap after GC invocations=6 (full 1):
 PSYoungGen      total 49664K, used 3175K [0x00000000d5c00000, 0x00000000dc700000, 0x0000000100000000)
  eden space 44544K, 0% used [0x00000000d5c00000,0x00000000d5c00000,0x00000000d8780000)
  from space 5120K, 62% used [0x00000000d8780000,0x00000000d8a99d90,0x00000000d8c80000)
  to   space 12800K, 0% used [0x00000000dba80000,0x00000000dba80000,0x00000000dc700000)
 ParOldGen       total 74752K, used 10137K [0x0000000081400000, 0x0000000085d00000, 0x00000000d5c00000)
  object space 74752K, 13% used [0x0000000081400000,0x0000000081de6470,0x0000000085d00000)
 Metaspace       used 24579K, capacity 25988K, committed 26112K, reserved 1071104K
  class space    used 3534K, capacity 3821K, committed 3840K, reserved 1048576K
}
Event: 3.712 GC heap before
{Heap before GC invocations=7 (full 1):
 PSYoungGen      total 49664K, used 47612K [0x00000000d5c00000, 0x00000000dc700000, 0x0000000100000000)
  eden space 44544K, 99% used [0x00000000d5c00000,0x00000000d8765560,0x00000000d8780000)
  from space 5120K, 62% used [0x00000000d8780000,0x00000000d8a99d90,0x00000000d8c80000)
  to   space 12800K, 0% used [0x00000000dba80000,0x00000000dba80000,0x00000000dc700000)
 ParOldGen       total 74752K, used 10137K [0x0000000081400000, 0x0000000085d00000, 0x00000000d5c00000)
  object space 74752K, 13% used [0x0000000081400000,0x0000000081de6470,0x0000000085d00000)
 Metaspace       used 24581K, capacity 25988K, committed 26112K, reserved 1071104K
  class space    used 3534K, capacity 3821K, committed 3840K, reserved 1048576K
Event: 3.715 GC heap after
Heap after GC invocations=7 (full 1):
 PSYoungGen      total 97280K, used 3122K [0x00000000d5c00000, 0x00000000dc780000, 0x0000000100000000)
  eden space 84480K, 0% used [0x00000000d5c00000,0x00000000d5c00000,0x00000000dae80000)
  from space 12800K, 24% used [0x00000000dba80000,0x00000000dbd8c880,0x00000000dc700000)
  to   space 12288K, 0% used [0x00000000dae80000,0x00000000dae80000,0x00000000dba80000)
 ParOldGen       total 74752K, used 10145K [0x0000000081400000, 0x0000000085d00000, 0x00000000d5c00000)
  object space 74752K, 13% used [0x0000000081400000,0x0000000081de8470,0x0000000085d00000)
 Metaspace       used 24581K, capacity 25988K, committed 26112K, reserved 1071104K
  class space    used 3534K, capacity 3821K, committed 3840K, reserved 1048576K
}
Event: 3.740 GC heap before
{Heap before GC invocations=8 (full 1):
 PSYoungGen      total 97280K, used 87545K [0x00000000d5c00000, 0x00000000dc780000, 0x0000000100000000)
  eden space 84480K, 99% used [0x00000000d5c00000,0x00000000dae71cd8,0x00000000dae80000)
  from space 12800K, 24% used [0x00000000dba80000,0x00000000dbd8c880,0x00000000dc700000)
  to   space 12288K, 0% used [0x00000000dae80000,0x00000000dae80000,0x00000000dba80000)
 ParOldGen       total 74752K, used 10145K [0x0000000081400000, 0x0000000085d00000, 0x00000000d5c00000)
  object space 74752K, 13% used [0x0000000081400000,0x0000000081de8470,0x0000000085d00000)
 Metaspace       used 24581K, capacity 25988K, committed 26112K, reserved 1071104K
  class space    used 3534K, capacity 3821K, committed 3840K, reserved 1048576K
Event: 3.743 GC heap after
Heap after GC invocations=8 (full 1):
 PSYoungGen      total 96768K, used 3219K [0x00000000d5c00000, 0x00000000e1080000, 0x0000000100000000)
  eden space 84480K, 0% used [0x00000000d5c00000,0x00000000d5c00000,0x00000000dae80000)
  from space 12288K, 26% used [0x00000000dae80000,0x00000000db1a4c40,0x00000000dba80000)
  to   space 11776K, 0% used [0x00000000e0500000,0x00000000e0500000,0x00000000e1080000)
 ParOldGen       total 74752K, used 10145K [0x0000000081400000, 0x0000000085d00000, 0x00000000d5c00000)
  object space 74752K, 13% used [0x0000000081400000,0x0000000081de8470,0x0000000085d00000)
 Metaspace       used 24581K, capacity 25988K, committed 26112K, reserved 1071104K
  class space    used 3534K, capacity 3821K, committed 3840K, reserved 1048576K
}
Event: 5.325 GC heap before
{Heap before GC invocations=9 (full 1):
 PSYoungGen      total 96768K, used 87699K [0x00000000d5c00000, 0x00000000e1080000, 0x0000000100000000)
  eden space 84480K, 100% used [0x00000000d5c00000,0x00000000dae80000,0x00000000dae80000)
  from space 12288K, 26% used [0x00000000dae80000,0x00000000db1a4c40,0x00000000dba80000)
  to   space 11776K, 0% used [0x00000000e0500000,0x00000000e0500000,0x00000000e1080000)
 ParOldGen       total 74752K, used 10145K [0x0000000081400000, 0x0000000085d00000, 0x00000000d5c00000)
  object space 74752K, 13% used [0x0000000081400000,0x0000000081de8470,0x0000000085d00000)
 Metaspace       used 25795K, capacity 27244K, committed 27520K, reserved 1073152K
  class space    used 3640K, capacity 3919K, committed 3968K, reserved 1048576K
Event: 5.330 GC heap after
Heap after GC invocations=9 (full 1):
 PSYoungGen      total 167936K, used 5625K [0x00000000d5c00000, 0x00000000e0d80000, 0x0000000100000000)
  eden space 159232K, 0% used [0x00000000d5c00000,0x00000000d5c00000,0x00000000df780000)
  from space 8704K, 64% used [0x00000000e0500000,0x00000000e0a7e568,0x00000000e0d80000)
  to   space 11264K, 0% used [0x00000000df780000,0x00000000df780000,0x00000000e0280000)
 ParOldGen       total 74752K, used 12912K [0x0000000081400000, 0x0000000085d00000, 0x00000000d5c00000)
  object space 74752K, 17% used [0x0000000081400000,0x000000008209c280,0x0000000085d00000)
 Metaspace       used 25795K, capacity 27244K, committed 27520K, reserved 1073152K
  class space    used 3640K, capacity 3919K, committed 3968K, reserved 1048576K
}

